<?xml version="1.0" encoding="UTF-8"?>
<!-- Generated by org.testng.reporters.JUnitReportReporter -->
<testsuite hostname="DESKTOP-K0ITVV0" failures="0" tests="1" name="github.project.module.DemoTest" time="0.011" errors="0" timestamp="2022-03-26T15:39:16 IST" skipped="0">
  <testcase classname="github.project.module.DemoTest" name="creatre" time="0.011"/>
  <system-out/>
</testsuite> <!-- github.project.module.DemoTest -->
